<?xml version="1.0" encoding="UTF-8"?>
<coverage generated="1723289642813" clover="3.2.0">
  <project timestamp="1723289642813" name="All files">
    <metrics statements="99" coveredstatements="99" conditionals="25" coveredconditionals="25" methods="34" coveredmethods="34" elements="158" coveredelements="158" complexity="0" loc="99" ncloc="99" packages="4" files="7" classes="7"/>
    <package name="src">
      <metrics statements="48" coveredstatements="48" conditionals="8" coveredconditionals="8" methods="21" coveredmethods="21"/>
      <file name="App.tsx" path="/Users/dev_k/jisou/program/Shin-Study-Record-List/src/App.tsx">
        <metrics statements="48" coveredstatements="48" conditionals="8" coveredconditionals="8" methods="21" coveredmethods="21"/>
        <line num="1" count="1" type="stmt"/>
        <line num="2" count="1" type="stmt"/>
        <line num="3" count="1" type="stmt"/>
        <line num="5" count="1" type="stmt"/>
        <line num="6" count="1" type="stmt"/>
        <line num="7" count="1" type="stmt"/>
        <line num="8" count="1" type="stmt"/>
        <line num="9" count="1" type="stmt"/>
        <line num="11" count="1" type="stmt"/>
        <line num="13" count="35" type="stmt"/>
        <line num="14" count="35" type="stmt"/>
        <line num="15" count="35" type="stmt"/>
        <line num="18" count="35" type="stmt"/>
        <line num="19" count="35" type="stmt"/>
        <line num="20" count="35" type="stmt"/>
        <line num="21" count="35" type="stmt"/>
        <line num="24" count="35" type="stmt"/>
        <line num="25" count="11" type="stmt"/>
        <line num="26" count="11" type="stmt"/>
        <line num="27" count="11" type="stmt"/>
        <line num="32" count="35" type="stmt"/>
        <line num="33" count="14" type="cond" truecount="4" falsecount="0"/>
        <line num="37" count="35" type="stmt"/>
        <line num="38" count="3" type="stmt"/>
        <line num="39" count="3" type="stmt"/>
        <line num="40" count="3" type="stmt"/>
        <line num="41" count="3" type="stmt"/>
        <line num="45" count="35" type="stmt"/>
        <line num="46" count="1" type="stmt"/>
        <line num="47" count="1" type="stmt"/>
        <line num="54" count="35" type="stmt"/>
        <line num="55" count="1" type="stmt"/>
        <line num="56" count="1" type="stmt"/>
        <line num="63" count="35" type="stmt"/>
        <line num="64" count="1" type="stmt"/>
        <line num="65" count="1" type="stmt"/>
        <line num="66" count="1" type="stmt"/>
        <line num="73" count="35" type="stmt"/>
        <line num="75" count="8" type="cond" truecount="2" falsecount="0"/>
        <line num="76" count="8" type="stmt"/>
        <line num="77" count="8" type="stmt"/>
        <line num="81" count="35" type="stmt"/>
        <line num="82" count="1" type="stmt"/>
        <line num="83" count="1" type="stmt"/>
        <line num="86" count="35" type="stmt"/>
        <line num="93" count="5" type="stmt"/>
        <line num="113" count="56" type="stmt"/>
        <line num="125" count="1" type="stmt"/>
      </file>
    </package>
    <package name="src.components">
      <metrics statements="37" coveredstatements="37" conditionals="17" coveredconditionals="17" methods="10" coveredmethods="10"/>
      <file name="DeleteDialog.tsx" path="/Users/dev_k/jisou/program/Shin-Study-Record-List/src/components/DeleteDialog.tsx">
        <metrics statements="5" coveredstatements="5" conditionals="0" coveredconditionals="0" methods="1" coveredmethods="1"/>
        <line num="1" count="1" type="stmt"/>
        <line num="2" count="1" type="stmt"/>
        <line num="12" count="1" type="stmt"/>
        <line num="13" count="35" type="stmt"/>
        <line num="15" count="35" type="stmt"/>
      </file>
      <file name="LoadingSpinner.tsx" path="/Users/dev_k/jisou/program/Shin-Study-Record-List/src/components/LoadingSpinner.tsx">
        <metrics statements="4" coveredstatements="4" conditionals="0" coveredconditionals="0" methods="1" coveredmethods="1"/>
        <line num="1" count="1" type="stmt"/>
        <line num="2" count="1" type="stmt"/>
        <line num="4" count="1" type="stmt"/>
        <line num="5" count="12" type="stmt"/>
      </file>
      <file name="Modal.tsx" path="/Users/dev_k/jisou/program/Shin-Study-Record-List/src/components/Modal.tsx">
        <metrics statements="21" coveredstatements="21" conditionals="17" coveredconditionals="17" methods="5" coveredmethods="5"/>
        <line num="1" count="1" type="stmt"/>
        <line num="2" count="1" type="stmt"/>
        <line num="3" count="1" type="stmt"/>
        <line num="16" count="1" type="stmt"/>
        <line num="22" count="45" type="stmt"/>
        <line num="25" count="45" type="stmt"/>
        <line num="26" count="23" type="cond" truecount="1" falsecount="0"/>
        <line num="27" count="8" type="cond" truecount="2" falsecount="0"/>
        <line num="28" count="3" type="stmt"/>
        <line num="33" count="5" type="stmt"/>
        <line num="42" count="45" type="stmt"/>
        <line num="43" count="2" type="cond" truecount="3" falsecount="0"/>
        <line num="44" count="2" type="stmt"/>
        <line num="46" count="2" type="cond" truecount="2" falsecount="0"/>
        <line num="47" count="1" type="stmt"/>
        <line num="53" count="1" type="stmt"/>
        <line num="57" count="1" type="stmt"/>
        <line num="62" count="45" type="stmt"/>
        <line num="89" count="3" type="cond" truecount="1" falsecount="0"/>
        <line num="90" count="1" type="stmt"/>
        <line num="92" count="2" type="stmt"/>
      </file>
      <file name="RecordsTable.tsx" path="/Users/dev_k/jisou/program/Shin-Study-Record-List/src/components/RecordsTable.tsx">
        <metrics statements="7" coveredstatements="7" conditionals="0" coveredconditionals="0" methods="3" coveredmethods="3"/>
        <line num="3" count="1" type="stmt"/>
        <line num="4" count="1" type="stmt"/>
        <line num="5" count="1" type="stmt"/>
        <line num="13" count="1" type="stmt"/>
        <line num="14" count="23" type="stmt"/>
        <line num="34" count="52" type="stmt"/>
        <line num="62" count="52" type="stmt"/>
      </file>
    </package>
    <package name="src.hooks">
      <metrics statements="6" coveredstatements="6" conditionals="0" coveredconditionals="0" methods="2" coveredmethods="2"/>
      <file name="useMessage.tsx" path="/Users/dev_k/jisou/program/Shin-Study-Record-List/src/hooks/useMessage.tsx">
        <metrics statements="6" coveredstatements="6" conditionals="0" coveredconditionals="0" methods="2" coveredmethods="2"/>
        <line num="1" count="1" type="stmt"/>
        <line num="8" count="1" type="stmt"/>
        <line num="9" count="35" type="stmt"/>
        <line num="11" count="35" type="stmt"/>
        <line num="12" count="3" type="stmt"/>
        <line num="21" count="35" type="stmt"/>
      </file>
    </package>
    <package name="src.util">
      <metrics statements="8" coveredstatements="8" conditionals="0" coveredconditionals="0" methods="1" coveredmethods="1"/>
      <file name="index.ts" path="/Users/dev_k/jisou/program/Shin-Study-Record-List/src/util/index.ts">
        <metrics statements="8" coveredstatements="8" conditionals="0" coveredconditionals="0" methods="1" coveredmethods="1"/>
        <line num="3" count="52" type="stmt"/>
        <line num="6" count="52" type="stmt"/>
        <line num="7" count="52" type="stmt"/>
        <line num="8" count="52" type="stmt"/>
        <line num="9" count="52" type="stmt"/>
        <line num="10" count="52" type="stmt"/>
        <line num="13" count="52" type="stmt"/>
        <line num="16" count="1" type="stmt"/>
      </file>
    </package>
  </project>
</coverage>
