{"/Users/dev_k/jisou/program/Shin-Study-Record-List/src/App.tsx": {"path":"/Users/dev_k/jisou/program/Shin-Study-Record-List/src/App.tsx","statementMap":{"0":{"start":{"line":1,"column":0},"end":{"line":1,"column":67}},"1":{"start":{"line":2,"column":0},"end":{"line":2,"column":32}},"2":{"start":{"line":3,"column":0},"end":{"line":3,"column":39}},"3":{"start":{"line":5,"column":0},"end":{"line":5,"column":43}},"4":{"start":{"line":6,"column":0},"end":{"line":6,"column":57}},"5":{"start":{"line":7,"column":0},"end":{"line":7,"column":57}},"6":{"start":{"line":8,"column":0},"end":{"line":8,"column":61}},"7":{"start":{"line":9,"column":0},"end":{"line":9,"column":48}},"8":{"start":{"line":11,"column":16},"end":{"line":123,"column":2}},"9":{"start":{"line":13,"column":16},"end":{"line":13,"column":34}},"10":{"start":{"line":14,"column":17},"end":{"line":14,"column":35}},"11":{"start":{"line":15,"column":29},"end":{"line":15,"column":41}},"12":{"start":{"line":18,"column":32},"end":{"line":18,"column":59}},"13":{"start":{"line":19,"column":36},"end":{"line":19,"column":50}},"14":{"start":{"line":20,"column":38},"end":{"line":20,"column":53}},"15":{"start":{"line":21,"column":50},"end":{"line":21,"column":62}},"16":{"start":{"line":24,"column":2},"end":{"line":29,"column":9}},"17":{"start":{"line":25,"column":4},"end":{"line":28,"column":9}},"18":{"start":{"line":25,"column":16},"end":{"line":28,"column":6}},"19":{"start":{"line":26,"column":6},"end":{"line":26,"column":30}},"20":{"start":{"line":27,"column":6},"end":{"line":27,"column":26}},"21":{"start":{"line":32,"column":26},"end":{"line":34,"column":4}},"22":{"start":{"line":32,"column":37},"end":{"line":34,"column":4}},"23":{"start":{"line":33,"column":4},"end":{"line":33,"column":56}},"24":{"start":{"line":37,"column":30},"end":{"line":42,"column":4}},"25":{"start":{"line":37,"column":68},"end":{"line":42,"column":4}},"26":{"start":{"line":38,"column":4},"end":{"line":38,"column":23}},"27":{"start":{"line":39,"column":4},"end":{"line":39,"column":19}},"28":{"start":{"line":40,"column":4},"end":{"line":40,"column":28}},"29":{"start":{"line":41,"column":4},"end":{"line":41,"column":24}},"30":{"start":{"line":45,"column":24},"end":{"line":51,"column":8}},"31":{"start":{"line":45,"column":74},"end":{"line":51,"column":5}},"32":{"start":{"line":46,"column":4},"end":{"line":46,"column":66}},"33":{"start":{"line":46,"column":36},"end":{"line":46,"column":64}},"34":{"start":{"line":47,"column":4},"end":{"line":50,"column":7}},"35":{"start":{"line":54,"column":24},"end":{"line":60,"column":8}},"36":{"start":{"line":54,"column":61},"end":{"line":60,"column":5}},"37":{"start":{"line":55,"column":4},"end":{"line":55,"column":61}},"38":{"start":{"line":55,"column":36},"end":{"line":55,"column":59}},"39":{"start":{"line":56,"column":4},"end":{"line":59,"column":7}},"40":{"start":{"line":63,"column":24},"end":{"line":70,"column":8}},"41":{"start":{"line":63,"column":57},"end":{"line":70,"column":5}},"42":{"start":{"line":64,"column":4},"end":{"line":64,"column":21}},"43":{"start":{"line":65,"column":4},"end":{"line":65,"column":57}},"44":{"start":{"line":65,"column":36},"end":{"line":65,"column":55}},"45":{"start":{"line":66,"column":4},"end":{"line":69,"column":7}},"46":{"start":{"line":73,"column":22},"end":{"line":79,"column":null}},"47":{"start":{"line":75,"column":6},"end":{"line":75,"column":53}},"48":{"start":{"line":76,"column":6},"end":{"line":76,"column":32}},"49":{"start":{"line":77,"column":6},"end":{"line":77,"column":21}},"50":{"start":{"line":81,"column":23},"end":{"line":84,"column":8}},"51":{"start":{"line":82,"column":4},"end":{"line":82,"column":28}},"52":{"start":{"line":83,"column":4},"end":{"line":83,"column":20}},"53":{"start":{"line":86,"column":2},"end":{"line":122,"column":4}},"54":{"start":{"line":93,"column":36},"end":{"line":93,"column":54}},"55":{"start":{"line":113,"column":49},"end":{"line":113,"column":79}},"56":{"start":{"line":125,"column":0},"end":{"line":125,"column":19}}},"fnMap":{"0":{"name":"(anonymous_13)","decl":{"start":{"line":11,"column":21},"end":{"line":11,"column":24}},"loc":{"start":{"line":11,"column":26},"end":{"line":123,"column":1}}},"1":{"name":"(anonymous_14)","decl":{"start":{"line":24,"column":12},"end":{"line":24,"column":15}},"loc":{"start":{"line":24,"column":17},"end":{"line":29,"column":3}}},"2":{"name":"(anonymous_15)","decl":{"start":{"line":25,"column":5},"end":{"line":25,"column":14}},"loc":{"start":{"line":25,"column":16},"end":{"line":28,"column":6}}},"3":{"name":"(anonymous_16)","decl":{"start":{"line":25,"column":16},"end":{"line":25,"column":null}},"loc":{"start":{"line":25,"column":16},"end":{"line":28,"column":5}}},"4":{"name":"(anonymous_17)","decl":{"start":{"line":32,"column":26},"end":{"line":32,"column":35}},"loc":{"start":{"line":32,"column":37},"end":{"line":34,"column":4}}},"5":{"name":"(anonymous_18)","decl":{"start":{"line":32,"column":37},"end":{"line":32,"column":null}},"loc":{"start":{"line":32,"column":37},"end":{"line":34,"column":3}}},"6":{"name":"(anonymous_19)","decl":{"start":{"line":37,"column":30},"end":{"line":37,"column":37}},"loc":{"start":{"line":37,"column":68},"end":{"line":42,"column":4}}},"7":{"name":"(anonymous_20)","decl":{"start":{"line":37,"column":68},"end":{"line":37,"column":null}},"loc":{"start":{"line":37,"column":68},"end":{"line":42,"column":3}}},"8":{"name":"(anonymous_21)","decl":{"start":{"line":45,"column":36},"end":{"line":45,"column":43}},"loc":{"start":{"line":45,"column":74},"end":{"line":51,"column":5}}},"9":{"name":"(anonymous_22)","decl":{"start":{"line":45,"column":74},"end":{"line":45,"column":null}},"loc":{"start":{"line":45,"column":74},"end":{"line":51,"column":3}}},"10":{"name":"(anonymous_23)","decl":{"start":{"line":46,"column":30},"end":{"line":46,"column":33}},"loc":{"start":{"line":46,"column":36},"end":{"line":46,"column":64}}},"11":{"name":"(anonymous_24)","decl":{"start":{"line":54,"column":36},"end":{"line":54,"column":43}},"loc":{"start":{"line":54,"column":61},"end":{"line":60,"column":5}}},"12":{"name":"(anonymous_25)","decl":{"start":{"line":54,"column":61},"end":{"line":54,"column":null}},"loc":{"start":{"line":54,"column":61},"end":{"line":60,"column":3}}},"13":{"name":"(anonymous_26)","decl":{"start":{"line":55,"column":30},"end":{"line":55,"column":33}},"loc":{"start":{"line":55,"column":36},"end":{"line":55,"column":59}}},"14":{"name":"(anonymous_27)","decl":{"start":{"line":63,"column":36},"end":{"line":63,"column":43}},"loc":{"start":{"line":63,"column":57},"end":{"line":70,"column":5}}},"15":{"name":"(anonymous_28)","decl":{"start":{"line":63,"column":57},"end":{"line":63,"column":null}},"loc":{"start":{"line":63,"column":57},"end":{"line":70,"column":3}}},"16":{"name":"(anonymous_29)","decl":{"start":{"line":65,"column":30},"end":{"line":65,"column":33}},"loc":{"start":{"line":65,"column":36},"end":{"line":65,"column":55}}},"17":{"name":"(anonymous_30)","decl":{"start":{"line":74,"column":4},"end":{"line":74,"column":5}},"loc":{"start":{"line":74,"column":49},"end":{"line":78,"column":5}}},"18":{"name":"(anonymous_31)","decl":{"start":{"line":81,"column":35},"end":{"line":81,"column":36}},"loc":{"start":{"line":81,"column":50},"end":{"line":84,"column":3}}},"19":{"name":"(anonymous_32)","decl":{"start":{"line":93,"column":30},"end":{"line":93,"column":33}},"loc":{"start":{"line":93,"column":36},"end":{"line":93,"column":54}}},"20":{"name":"(anonymous_33)","decl":{"start":{"line":113,"column":37},"end":{"line":113,"column":38}},"loc":{"start":{"line":113,"column":49},"end":{"line":113,"column":79}}}},"branchMap":{"0":{"loc":{"start":{"line":33,"column":15},"end":{"line":33,"column":54}},"type":"cond-expr","locations":[{"start":{"line":33,"column":48},"end":{"line":33,"column":52}},{"start":{"line":33,"column":52},"end":{"line":33,"column":54}}]},"1":{"loc":{"start":{"line":33,"column":15},"end":{"line":33,"column":52}},"type":"binary-expr","locations":[{"start":{"line":33,"column":15},"end":{"line":33,"column":52}},{"start":{"line":33,"column":48},"end":{"line":33,"column":52}}]},"2":{"loc":{"start":{"line":75,"column":6},"end":{"line":75,"column":52}},"type":"binary-expr","locations":[{"start":{"line":75,"column":6},"end":{"line":75,"column":16}},{"start":{"line":75,"column":20},"end":{"line":75,"column":52}}]},"3":{"loc":{"start":{"line":98,"column":9},"end":{"line":103,"column":null}},"type":"cond-expr","locations":[{"start":{"line":99,"column":10},"end":{"line":100,"column":null}},{"start":{"line":103,"column":10},"end":{"line":103,"column":98}}]}},"s":{"0":1,"1":1,"2":1,"3":1,"4":1,"5":1,"6":1,"7":1,"8":1,"9":35,"10":35,"11":35,"12":35,"13":35,"14":35,"15":35,"16":35,"17":11,"18":11,"19":11,"20":11,"21":35,"22":14,"23":14,"24":35,"25":3,"26":3,"27":3,"28":3,"29":3,"30":35,"31":1,"32":1,"33":1,"34":1,"35":35,"36":1,"37":1,"38":1,"39":1,"40":35,"41":1,"42":1,"43":1,"44":1,"45":1,"46":35,"47":8,"48":8,"49":8,"50":35,"51":1,"52":1,"53":35,"54":5,"55":56,"56":1},"f":{"0":35,"1":11,"2":11,"3":11,"4":14,"5":14,"6":3,"7":3,"8":1,"9":1,"10":1,"11":1,"12":1,"13":1,"14":1,"15":1,"16":1,"17":8,"18":1,"19":5,"20":56},"b":{"0":[8,6],"1":[14,14],"2":[8,3],"3":[12,23]}}
,"/Users/dev_k/jisou/program/Shin-Study-Record-List/src/components/DeleteDialog.tsx": {"path":"/Users/dev_k/jisou/program/Shin-Study-Record-List/src/components/DeleteDialog.tsx","statementMap":{"0":{"start":{"line":1,"column":0},"end":{"line":1,"column":34}},"1":{"start":{"line":2,"column":0},"end":{"line":2,"column":39}},"2":{"start":{"line":12,"column":39},"end":{"line":37,"column":1}},"3":{"start":{"line":13,"column":20},"end":{"line":13,"column":63}},"4":{"start":{"line":15,"column":2},"end":{"line":36,"column":4}},"5":{"start":{"line":12,"column":13},"end":{"line":12,"column":39}}},"fnMap":{"0":{"name":"(anonymous_7)","decl":{"start":{"line":12,"column":39},"end":{"line":12,"column":40}},"loc":{"start":{"line":12,"column":96},"end":{"line":37,"column":1}}}},"branchMap":{},"s":{"0":1,"1":1,"2":1,"3":35,"4":35,"5":1},"f":{"0":35},"b":{}}
,"/Users/dev_k/jisou/program/Shin-Study-Record-List/src/components/LoadingSpinner.tsx": {"path":"/Users/dev_k/jisou/program/Shin-Study-Record-List/src/components/LoadingSpinner.tsx","statementMap":{"0":{"start":{"line":1,"column":0},"end":{"line":1,"column":43}},"1":{"start":{"line":2,"column":0},"end":{"line":2,"column":33}},"2":{"start":{"line":4,"column":13},"end":{"line":15,"column":3}},"3":{"start":{"line":5,"column":2},"end":{"line":14,"column":4}}},"fnMap":{"0":{"name":"(anonymous_0)","decl":{"start":{"line":4,"column":39},"end":{"line":4,"column":42}},"loc":{"start":{"line":4,"column":44},"end":{"line":15,"column":1}}}},"branchMap":{},"s":{"0":1,"1":1,"2":1,"3":12},"f":{"0":12},"b":{}}
,"/Users/dev_k/jisou/program/Shin-Study-Record-List/src/components/Modal.tsx": {"path":"/Users/dev_k/jisou/program/Shin-Study-Record-List/src/components/Modal.tsx","statementMap":{"0":{"start":{"line":1,"column":0},"end":{"line":1,"column":38}},"1":{"start":{"line":2,"column":0},"end":{"line":2,"column":39}},"2":{"start":{"line":3,"column":0},"end":{"line":3,"column":57}},"3":{"start":{"line":16,"column":32},"end":{"line":110,"column":1}},"4":{"start":{"line":22,"column":6},"end":{"line":22,"column":23}},"5":{"start":{"line":25,"column":2},"end":{"line":39,"column":50}},"6":{"start":{"line":26,"column":4},"end":{"line":38,"column":5}},"7":{"start":{"line":27,"column":6},"end":{"line":37,"column":7}},"8":{"start":{"line":28,"column":8},"end":{"line":31,"column":11}},"9":{"start":{"line":33,"column":8},"end":{"line":36,"column":11}},"10":{"start":{"line":42,"column":47},"end":{"line":60,"column":4}},"11":{"start":{"line":42,"column":73},"end":{"line":60,"column":4}},"12":{"start":{"line":43,"column":4},"end":{"line":59,"column":5}},"13":{"start":{"line":44,"column":6},"end":{"line":44,"column":16}},"14":{"start":{"line":46,"column":6},"end":{"line":58,"column":7}},"15":{"start":{"line":47,"column":26},"end":{"line":52,"column":10}},"16":{"start":{"line":53,"column":8},"end":{"line":53,"column":39}},"17":{"start":{"line":57,"column":8},"end":{"line":57,"column":41}},"18":{"start":{"line":62,"column":2},"end":{"line":109,"column":4}},"19":{"start":{"line":89,"column":20},"end":{"line":91,"column":21}},"20":{"start":{"line":90,"column":22},"end":{"line":90,"column":48}},"21":{"start":{"line":92,"column":20},"end":{"line":92,"column":32}},"22":{"start":{"line":16,"column":13},"end":{"line":16,"column":32}}},"fnMap":{"0":{"name":"(anonymous_13)","decl":{"start":{"line":16,"column":32},"end":{"line":16,"column":33}},"loc":{"start":{"line":16,"column":114},"end":{"line":110,"column":1}}},"1":{"name":"(anonymous_14)","decl":{"start":{"line":25,"column":12},"end":{"line":25,"column":15}},"loc":{"start":{"line":25,"column":17},"end":{"line":39,"column":3}}},"2":{"name":"(anonymous_15)","decl":{"start":{"line":42,"column":47},"end":{"line":42,"column":54}},"loc":{"start":{"line":42,"column":73},"end":{"line":60,"column":4}}},"3":{"name":"(anonymous_16)","decl":{"start":{"line":42,"column":73},"end":{"line":42,"column":null}},"loc":{"start":{"line":42,"column":69},"end":{"line":60,"column":3}}},"4":{"name":"(anonymous_17)","decl":{"start":{"line":88,"column":28},"end":{"line":88,"column":29}},"loc":{"start":{"line":88,"column":38},"end":{"line":93,"column":19}}}},"branchMap":{"0":{"loc":{"start":{"line":26,"column":4},"end":{"line":38,"column":5}},"type":"if","locations":[{"start":{"line":26,"column":4},"end":{"line":38,"column":5}}]},"1":{"loc":{"start":{"line":27,"column":6},"end":{"line":37,"column":7}},"type":"if","locations":[{"start":{"line":27,"column":6},"end":{"line":37,"column":7}},{"start":{"line":32,"column":13},"end":{"line":37,"column":7}}]},"2":{"loc":{"start":{"line":43,"column":4},"end":{"line":59,"column":5}},"type":"if","locations":[{"start":{"line":43,"column":4},"end":{"line":59,"column":5}}]},"3":{"loc":{"start":{"line":43,"column":8},"end":{"line":43,"column":21}},"type":"binary-expr","locations":[{"start":{"line":43,"column":8},"end":{"line":43,"column":13}},{"start":{"line":43,"column":17},"end":{"line":43,"column":21}}]},"4":{"loc":{"start":{"line":46,"column":6},"end":{"line":58,"column":7}},"type":"if","locations":[{"start":{"line":46,"column":6},"end":{"line":58,"column":7}},{"start":{"line":56,"column":11},"end":{"line":58,"column":7}}]},"5":{"loc":{"start":{"line":67,"column":53},"end":{"line":67,"column":81}},"type":"cond-expr","locations":[{"start":{"line":67,"column":66},"end":{"line":67,"column":72}},{"start":{"line":67,"column":75},"end":{"line":67,"column":81}}]},"6":{"loc":{"start":{"line":77,"column":15},"end":{"line":77,"column":82}},"type":"binary-expr","locations":[{"start":{"line":77,"column":15},"end":{"line":77,"column":27}},{"start":{"line":77,"column":31},"end":{"line":77,"column":82}}]},"7":{"loc":{"start":{"line":89,"column":20},"end":{"line":91,"column":21}},"type":"if","locations":[{"start":{"line":89,"column":20},"end":{"line":91,"column":21}}]},"8":{"loc":{"start":{"line":96,"column":15},"end":{"line":96,"column":80}},"type":"binary-expr","locations":[{"start":{"line":96,"column":15},"end":{"line":96,"column":26}},{"start":{"line":96,"column":30},"end":{"line":96,"column":80}}]},"9":{"loc":{"start":{"line":102,"column":15},"end":{"line":102,"column":39}},"type":"cond-expr","locations":[{"start":{"line":102,"column":28},"end":{"line":102,"column":32}},{"start":{"line":102,"column":35},"end":{"line":102,"column":39}}]}},"s":{"0":1,"1":1,"2":1,"3":1,"4":45,"5":45,"6":23,"7":8,"8":3,"9":5,"10":45,"11":2,"12":2,"13":2,"14":2,"15":1,"16":1,"17":1,"18":45,"19":3,"20":1,"21":2,"22":1},"f":{"0":45,"1":23,"2":2,"3":2,"4":3},"b":{"0":[8],"1":[3,5],"2":[2],"3":[2,2],"4":[1,1],"5":[7,38],"6":[45,2],"7":[1],"8":[45,2],"9":[7,38]}}
,"/Users/dev_k/jisou/program/Shin-Study-Record-List/src/components/RecordsTable.tsx": {"path":"/Users/dev_k/jisou/program/Shin-Study-Record-List/src/components/RecordsTable.tsx","statementMap":{"0":{"start":{"line":3,"column":0},"end":{"line":3,"column":39}},"1":{"start":{"line":4,"column":0},"end":{"line":4,"column":56}},"2":{"start":{"line":5,"column":0},"end":{"line":5,"column":31}},"3":{"start":{"line":13,"column":39},"end":{"line":75,"column":1}},"4":{"start":{"line":14,"column":2},"end":{"line":74,"column":4}},"5":{"start":{"line":34,"column":14},"end":{"line":34,"column":null}},"6":{"start":{"line":62,"column":52},"end":{"line":62,"column":73}},"7":{"start":{"line":13,"column":13},"end":{"line":13,"column":39}}},"fnMap":{"0":{"name":"(anonymous_6)","decl":{"start":{"line":13,"column":39},"end":{"line":13,"column":40}},"loc":{"start":{"line":13,"column":82},"end":{"line":75,"column":1}}},"1":{"name":"(anonymous_7)","decl":{"start":{"line":33,"column":25},"end":{"line":33,"column":26}},"loc":{"start":{"line":34,"column":14},"end":{"line":34,"column":null}}},"2":{"name":"(anonymous_8)","decl":{"start":{"line":62,"column":32},"end":{"line":62,"column":33}},"loc":{"start":{"line":62,"column":52},"end":{"line":62,"column":73}}}},"branchMap":{},"s":{"0":1,"1":1,"2":1,"3":1,"4":23,"5":52,"6":52,"7":1},"f":{"0":23,"1":52,"2":52},"b":{}}
,"/Users/dev_k/jisou/program/Shin-Study-Record-List/src/hooks/useMessage.tsx": {"path":"/Users/dev_k/jisou/program/Shin-Study-Record-List/src/hooks/useMessage.tsx","statementMap":{"0":{"start":{"line":1,"column":0},"end":{"line":1,"column":44}},"1":{"start":{"line":8,"column":26},"end":{"line":24,"column":1}},"2":{"start":{"line":9,"column":16},"end":{"line":9,"column":26}},"3":{"start":{"line":11,"column":25},"end":{"line":19,"column":3}},"4":{"start":{"line":12,"column":4},"end":{"line":18,"column":7}},"5":{"start":{"line":21,"column":2},"end":{"line":23,"column":4}},"6":{"start":{"line":8,"column":13},"end":{"line":8,"column":26}}},"fnMap":{"0":{"name":"(anonymous_0)","decl":{"start":{"line":8,"column":26},"end":{"line":8,"column":29}},"loc":{"start":{"line":8,"column":31},"end":{"line":24,"column":1}}},"1":{"name":"(anonymous_1)","decl":{"start":{"line":11,"column":25},"end":{"line":11,"column":26}},"loc":{"start":{"line":11,"column":54},"end":{"line":19,"column":3}}}},"branchMap":{},"s":{"0":1,"1":1,"2":35,"3":35,"4":3,"5":35,"6":1},"f":{"0":35,"1":3},"b":{}}
,"/Users/dev_k/jisou/program/Shin-Study-Record-List/src/util/index.ts": {"path":"/Users/dev_k/jisou/program/Shin-Study-Record-List/src/util/index.ts","statementMap":{"0":{"start":{"line":3,"column":15},"end":{"line":3,"column":35}},"1":{"start":{"line":6,"column":15},"end":{"line":6,"column":33}},"2":{"start":{"line":7,"column":16},"end":{"line":7,"column":60}},"3":{"start":{"line":8,"column":14},"end":{"line":8,"column":53}},"4":{"start":{"line":9,"column":16},"end":{"line":9,"column":56}},"5":{"start":{"line":10,"column":18},"end":{"line":10,"column":60}},"6":{"start":{"line":13,"column":2},"end":{"line":13,"column":55}},"7":{"start":{"line":16,"column":13},"end":{"line":18,"column":2}}},"fnMap":{"0":{"name":"formatDateTime","decl":{"start":{"line":1,"column":9},"end":{"line":1,"column":23}},"loc":{"start":{"line":1,"column":42},"end":{"line":14,"column":1}}}},"branchMap":{},"s":{"0":52,"1":52,"2":52,"3":52,"4":52,"5":52,"6":52,"7":1},"f":{"0":52},"b":{}}
}
