TN:
SF:src/App.tsx
FN:11,(anonymous_13)
FN:24,(anonymous_14)
FN:25,(anonymous_15)
FN:25,(anonymous_16)
FN:32,(anonymous_17)
FN:32,(anonymous_18)
FN:37,(anonymous_19)
FN:37,(anonymous_20)
FN:45,(anonymous_21)
FN:45,(anonymous_22)
FN:46,(anonymous_23)
FN:54,(anonymous_24)
FN:54,(anonymous_25)
FN:55,(anonymous_26)
FN:63,(anonymous_27)
FN:63,(anonymous_28)
FN:65,(anonymous_29)
FN:74,(anonymous_30)
FN:81,(anonymous_31)
FN:93,(anonymous_32)
FN:113,(anonymous_33)
FNF:21
FNH:21
FNDA:35,(anonymous_13)
FNDA:11,(anonymous_14)
FNDA:11,(anonymous_15)
FNDA:11,(anonymous_16)
FNDA:14,(anonymous_17)
FNDA:14,(anonymous_18)
FNDA:3,(anonymous_19)
FNDA:3,(anonymous_20)
FNDA:1,(anonymous_21)
FNDA:1,(anonymous_22)
FNDA:1,(anonymous_23)
FNDA:1,(anonymous_24)
FNDA:1,(anonymous_25)
FNDA:1,(anonymous_26)
FNDA:1,(anonymous_27)
FNDA:1,(anonymous_28)
FNDA:1,(anonymous_29)
FNDA:8,(anonymous_30)
FNDA:1,(anonymous_31)
FNDA:5,(anonymous_32)
FNDA:56,(anonymous_33)
DA:1,1
DA:2,1
DA:3,1
DA:5,1
DA:6,1
DA:7,1
DA:8,1
DA:9,1
DA:11,1
DA:13,35
DA:14,35
DA:15,35
DA:18,35
DA:19,35
DA:20,35
DA:21,35
DA:24,35
DA:25,11
DA:26,11
DA:27,11
DA:32,35
DA:33,14
DA:37,35
DA:38,3
DA:39,3
DA:40,3
DA:41,3
DA:45,35
DA:46,1
DA:47,1
DA:54,35
DA:55,1
DA:56,1
DA:63,35
DA:64,1
DA:65,1
DA:66,1
DA:73,35
DA:75,8
DA:76,8
DA:77,8
DA:81,35
DA:82,1
DA:83,1
DA:86,35
DA:93,5
DA:113,56
DA:125,1
LF:48
LH:48
BRDA:33,0,0,8
BRDA:33,0,1,6
BRDA:33,1,0,14
BRDA:33,1,1,14
BRDA:75,2,0,8
BRDA:75,2,1,3
BRDA:98,3,0,12
BRDA:98,3,1,23
BRF:8
BRH:8
end_of_record
TN:
SF:src/components/DeleteDialog.tsx
FN:12,(anonymous_7)
FNF:1
FNH:1
FNDA:35,(anonymous_7)
DA:1,1
DA:2,1
DA:12,1
DA:13,35
DA:15,35
LF:5
LH:5
BRF:0
BRH:0
end_of_record
TN:
SF:src/components/LoadingSpinner.tsx
FN:4,(anonymous_0)
FNF:1
FNH:1
FNDA:12,(anonymous_0)
DA:1,1
DA:2,1
DA:4,1
DA:5,12
LF:4
LH:4
BRF:0
BRH:0
end_of_record
TN:
SF:src/components/Modal.tsx
FN:16,(anonymous_13)
FN:25,(anonymous_14)
FN:42,(anonymous_15)
FN:42,(anonymous_16)
FN:88,(anonymous_17)
FNF:5
FNH:5
FNDA:45,(anonymous_13)
FNDA:23,(anonymous_14)
FNDA:2,(anonymous_15)
FNDA:2,(anonymous_16)
FNDA:3,(anonymous_17)
DA:1,1
DA:2,1
DA:3,1
DA:16,1
DA:22,45
DA:25,45
DA:26,23
DA:27,8
DA:28,3
DA:33,5
DA:42,45
DA:43,2
DA:44,2
DA:46,2
DA:47,1
DA:53,1
DA:57,1
DA:62,45
DA:89,3
DA:90,1
DA:92,2
LF:21
LH:21
BRDA:26,0,0,8
BRDA:27,1,0,3
BRDA:27,1,1,5
BRDA:43,2,0,2
BRDA:43,3,0,2
BRDA:43,3,1,2
BRDA:46,4,0,1
BRDA:46,4,1,1
BRDA:67,5,0,7
BRDA:67,5,1,38
BRDA:77,6,0,45
BRDA:77,6,1,2
BRDA:89,7,0,1
BRDA:96,8,0,45
BRDA:96,8,1,2
BRDA:102,9,0,7
BRDA:102,9,1,38
BRF:17
BRH:17
end_of_record
TN:
SF:src/components/RecordsTable.tsx
FN:13,(anonymous_6)
FN:33,(anonymous_7)
FN:62,(anonymous_8)
FNF:3
FNH:3
FNDA:23,(anonymous_6)
FNDA:52,(anonymous_7)
FNDA:52,(anonymous_8)
DA:3,1
DA:4,1
DA:5,1
DA:13,1
DA:14,23
DA:34,52
DA:62,52
LF:7
LH:7
BRF:0
BRH:0
end_of_record
TN:
SF:src/hooks/useMessage.tsx
FN:8,(anonymous_0)
FN:11,(anonymous_1)
FNF:2
FNH:2
FNDA:35,(anonymous_0)
FNDA:3,(anonymous_1)
DA:1,1
DA:8,1
DA:9,35
DA:11,35
DA:12,3
DA:21,35
LF:6
LH:6
BRF:0
BRH:0
end_of_record
TN:
SF:src/util/index.ts
FN:1,formatDateTime
FNF:1
FNH:1
FNDA:52,formatDateTime
DA:3,52
DA:6,52
DA:7,52
DA:8,52
DA:9,52
DA:10,52
DA:13,52
DA:16,1
LF:8
LH:8
BRF:0
BRH:0
end_of_record
